Vivado Simulator 2020.2
Copyright 1986-1999, 2001-2020 Xilinx, Inc. All Rights Reserved.
Running: C:/Xilinx/Vivado/2020.2/bin/unwrapped/win64.o/xelab.exe -wto a3b48fb27d6c4e2f84814e1cdf59d08b --incr --debug typical --relax --mt 2 -L xil_defaultlib -L xbip_utils_v3_0_10 -L c_reg_fd_v12_0_6 -L xbip_dsp48_wrapper_v3_0_4 -L xbip_pipe_v3_0_6 -L xbip_dsp48_addsub_v3_0_6 -L xbip_addsub_v3_0_6 -L c_addsub_v12_0_14 -L c_gate_bit_v12_0_6 -L xbip_counter_v3_0_6 -L c_counter_binary_v12_0_14 -L unisims_ver -L unimacro_ver -L secureip -L xpm --snapshot test_behav xil_defaultlib.test xil_defaultlib.glbl -log elaborate.log 
Using 2 slave threads.
Starting static elaboration
Pass Through NonSizing Optimizer
WARNING: [VRFC 10-5021] port 'q' is not connected on this instance [C:/Users/david/basys_serial/basys_serial.ip_user_files/bd/block_design/sim/block_design.v:30]
Completed static elaboration
Starting simulation data flow analysis
Completed simulation data flow analysis
Time Resolution for simulation is 1ps
Compiling package std.standard
Compiling package std.textio
Compiling package ieee.std_logic_1164
Compiling package ieee.numeric_std
Compiling package c_counter_binary_v12_0_14.c_counter_binary_v12_0_14_viv_co...
Compiling package xbip_utils_v3_0_10.xbip_utils_v3_0_10_pkg
Compiling package xbip_counter_v3_0_6.xbip_counter_v3_0_6_viv_comp
Compiling package ieee.std_logic_arith
Compiling package ieee.std_logic_unsigned
Compiling package xbip_counter_v3_0_6.xbip_counter_v3_0_6_pkg
Compiling package c_counter_binary_v12_0_14.c_counter_binary_v12_0_14_pkg
Compiling package c_addsub_v12_0_14.c_addsub_v12_0_14_pkg_legacy
Compiling package c_reg_fd_v12_0_6.c_reg_fd_v12_0_6_viv_comp
Compiling package c_addsub_v12_0_14.c_addsub_v12_0_14_pkg
Compiling package unisim.vcomponents
Compiling package ieee.vital_timing
Compiling package ieee.vital_primitives
Compiling package unisim.vpkg
Compiling architecture structural of entity c_reg_fd_v12_0_6.c_reg_fd_v12_0_6_viv [\c_reg_fd_v12_0_6_viv(c_width=16...]
Compiling architecture muxcy_v of entity unisim.MUXCY [muxcy_default]
Compiling architecture xorcy_v of entity unisim.XORCY [xorcy_default]
Compiling architecture rtl of entity c_addsub_v12_0_14.c_addsub_v12_0_14_lut6_legacy [\c_addsub_v12_0_14_lut6_legacy(c...]
Compiling architecture synth of entity c_addsub_v12_0_14.c_addsub_v12_0_14_fabric_legacy [\c_addsub_v12_0_14_fabric_legacy...]
Compiling architecture synth of entity c_addsub_v12_0_14.c_addsub_v12_0_14_legacy [\c_addsub_v12_0_14_legacy(c_fami...]
Compiling architecture synth of entity c_counter_binary_v12_0_14.c_counter_binary_v12_0_14_legacy [\c_counter_binary_v12_0_14_legac...]
Compiling architecture synth of entity c_counter_binary_v12_0_14.c_counter_binary_v12_0_14_viv [\c_counter_binary_v12_0_14_viv(c...]
Compiling architecture xilinx of entity c_counter_binary_v12_0_14.c_counter_binary_v12_0_14 [\c_counter_binary_v12_0_14(c_xde...]
Compiling architecture block_design_c_counter_binary_0_0_arch of entity xil_defaultlib.block_design_c_counter_binary_0_0 [block_design_c_counter_binary_0_...]
Compiling module xil_defaultlib.uart_rx
Compiling module xil_defaultlib.block_design_uart_rx_0_0
Compiling architecture bufgce_v of entity unisim.BUFGCE [\BUFGCE(1,4)(1,10)(1,5)\]
Compiling architecture imp of entity xil_defaultlib.util_ds_buf [\util_ds_buf(c_buf_type="BUFGCE"...]
Compiling architecture block_design_util_ds_buf_0_1_arch of entity xil_defaultlib.block_design_util_ds_buf_0_1 [block_design_util_ds_buf_0_1_def...]
Compiling module xil_defaultlib.block_design
Compiling module xil_defaultlib.test
Compiling module xil_defaultlib.glbl
Built simulation snapshot test_behav
